2022-09-17 14:56:44 Hail: INFO: Running Hail version 0.2.99-57537fea08d4
2022-09-17 14:56:45 SparkContext: WARN: Using an existing SparkContext; some configuration may not take effect.
2022-09-17 14:56:45 root: ERROR: UnsupportedFileSystemException: No FileSystem for scheme "gs"
From org.apache.hadoop.fs.UnsupportedFileSystemException: No FileSystem for scheme "gs"
	at org.apache.hadoop.fs.FileSystem.getFileSystemClass(FileSystem.java:3281)
	at org.apache.hadoop.fs.FileSystem.createFileSystem(FileSystem.java:3301)
	at org.apache.hadoop.fs.FileSystem.access$200(FileSystem.java:124)
	at org.apache.hadoop.fs.FileSystem$Cache.getInternal(FileSystem.java:3352)
	at org.apache.hadoop.fs.FileSystem$Cache.get(FileSystem.java:3320)
	at org.apache.hadoop.fs.FileSystem.get(FileSystem.java:479)
	at org.apache.hadoop.fs.Path.getFileSystem(Path.java:361)
	at is.hail.io.fs.HadoopFS.fileStatus(HadoopFS.scala:166)
	at is.hail.io.fs.FS.isDir(FS.scala:364)
	at is.hail.io.fs.FS.isDir$(FS.scala:362)
	at is.hail.io.fs.HadoopFS.isDir(HadoopFS.scala:72)
	at is.hail.expr.ir.RelationalSpec$.readMetadata(AbstractMatrixTableSpec.scala:31)
	at is.hail.expr.ir.RelationalSpec$.readReferences(AbstractMatrixTableSpec.scala:74)
	at is.hail.variant.ReferenceGenome$.fromHailDataset(ReferenceGenome.scala:581)
	at is.hail.variant.ReferenceGenome.fromHailDataset(ReferenceGenome.scala)
	at java.base/jdk.internal.reflect.NativeMethodAccessorImpl.invoke0(Native Method)
	at java.base/jdk.internal.reflect.NativeMethodAccessorImpl.invoke(NativeMethodAccessorImpl.java:62)
	at java.base/jdk.internal.reflect.DelegatingMethodAccessorImpl.invoke(DelegatingMethodAccessorImpl.java:43)
	at java.base/java.lang.reflect.Method.invoke(Method.java:566)
	at py4j.reflection.MethodInvoker.invoke(MethodInvoker.java:244)
	at py4j.reflection.ReflectionEngine.invoke(ReflectionEngine.java:357)
	at py4j.Gateway.invoke(Gateway.java:282)
	at py4j.commands.AbstractCommand.invokeMethod(AbstractCommand.java:132)
	at py4j.commands.CallCommand.execute(CallCommand.java:79)
	at py4j.GatewayConnection.run(GatewayConnection.java:238)
	at java.base/java.lang.Thread.run(Thread.java:829)



2022-09-17 15:03:39 SparkContext: INFO: Invoking stop() from shutdown hook
2022-09-17 15:03:39 AbstractConnector: INFO: Stopped Spark@603b3c23{HTTP/1.1, (http/1.1)}{0.0.0.0:4040}
2022-09-17 15:03:39 SparkUI: INFO: Stopped Spark web UI at http://192.168.0.181:4040
2022-09-17 15:03:39 MapOutputTrackerMasterEndpoint: INFO: MapOutputTrackerMasterEndpoint stopped!
2022-09-17 15:03:39 MemoryStore: INFO: MemoryStore cleared
2022-09-17 15:03:39 BlockManager: INFO: BlockManager stopped
2022-09-17 15:03:39 BlockManagerMaster: INFO: BlockManagerMaster stopped
2022-09-17 15:03:39 OutputCommitCoordinator$OutputCommitCoordinatorEndpoint: INFO: OutputCommitCoordinator stopped!
2022-09-17 15:03:39 SparkContext: INFO: Successfully stopped SparkContext
2022-09-17 15:03:39 ShutdownHookManager: INFO: Shutdown hook called
2022-09-17 15:03:39 ShutdownHookManager: INFO: Deleting directory /private/var/folders/x1/7112ysln0nl2vyr99j1nllf40000gp/T/spark-148da764-97d1-4a48-aa84-d26cb32b8e30/pyspark-7b6c1495-aeef-4c40-95ed-a73819640e1e
2022-09-17 15:03:39 ShutdownHookManager: INFO: Deleting directory /private/var/folders/x1/7112ysln0nl2vyr99j1nllf40000gp/T/spark-148da764-97d1-4a48-aa84-d26cb32b8e30
2022-09-17 15:03:39 ShutdownHookManager: INFO: Deleting directory /private/var/folders/x1/7112ysln0nl2vyr99j1nllf40000gp/T/spark-cd98f359-a5fd-41fc-840e-5cae0f82fdae
